2016-30-01 12:20:02   INFO [W13ZhilinComQALightOldByAnnotation.ComQALightOld.Test1] :  ----- class org.openqa.selenium.firefox.FirefoxDriver -------
2016-30-01 12:20:23   INFO [W13ZhilinComQALightOldByAnnotation.ComQALightOld.Test1] :  ----- class org.openqa.selenium.chrome.ChromeDriver -------
2016-30-01 12:24:02   INFO [W13ZhilinComQALightOldByAnnotation.ComQALightOld.Test1] :  ----- class org.openqa.selenium.firefox.FirefoxDriver -------
2016-30-01 12:24:10   INFO [W13ZhilinComQALightOldByAnnotation.ComQALightOld.Zapisatsya] : Page and url have been opened!!!
2016-30-01 12:24:12   INFO [W13ZhilinComQALightOldByAnnotation.ComQALightOld.Zapisatsya] : Value PL/SQLhas been selected!!!
2016-30-01 12:24:13   INFO [W13ZhilinComQALightOldByAnnotation.ComQALightOld.Zapisatsya] : Last Name has been typed!!!
2016-30-01 12:24:13   INFO [W13ZhilinComQALightOldByAnnotation.ComQALightOld.Zapisatsya] : First Name has been typed!!!
2016-30-01 12:24:14   INFO [W13ZhilinComQALightOldByAnnotation.ComQALightOld.Zapisatsya] : Phone number has been typed!!!
2016-30-01 12:24:14   INFO [W13ZhilinComQALightOldByAnnotation.ComQALightOld.Zapisatsya] : Email has been typed!!!
2016-30-01 12:24:14   INFO [W13ZhilinComQALightOldByAnnotation.ComQALightOld.Zapisatsya] : Skype has been typed!!!
2016-30-01 12:24:20   INFO [W13ZhilinComQALightOldByAnnotation.ComQALightOld.Zapisatsya] : Submit button has been clicked!!!
2016-30-01 12:28:11   INFO [W13ZhilinComQALightOldByAnnotation.ComQALightOld.Test1] :  ----- class org.openqa.selenium.firefox.FirefoxDriver -------
2016-30-01 12:28:18   INFO [W13ZhilinComQALightOldByAnnotation.ComQALightOld.Zapisatsya] : Page and url have been opened!!!
2016-30-01 12:28:19   INFO [W13ZhilinComQALightOldByAnnotation.ComQALightOld.Zapisatsya] : Value PL/SQLhas been selected!!!
2016-30-01 12:28:21   INFO [W13ZhilinComQALightOldByAnnotation.ComQALightOld.Zapisatsya] : Last Name has been typed!!!
2016-30-01 12:28:21   INFO [W13ZhilinComQALightOldByAnnotation.ComQALightOld.Zapisatsya] : First Name has been typed!!!
2016-30-01 12:28:21   INFO [W13ZhilinComQALightOldByAnnotation.ComQALightOld.Zapisatsya] : Phone number has been typed!!!
2016-30-01 12:28:21   INFO [W13ZhilinComQALightOldByAnnotation.ComQALightOld.Zapisatsya] : Email has been typed!!!
2016-30-01 12:28:21   INFO [W13ZhilinComQALightOldByAnnotation.ComQALightOld.Zapisatsya] : Skype has been typed!!!
2016-30-01 12:28:26   INFO [W13ZhilinComQALightOldByAnnotation.ComQALightOld.Zapisatsya] : Submit button has been clicked!!!
2016-30-01 12:28:38   INFO [W13ZhilinComQALightOldByAnnotation.ComQALightOld.Test1] :  ----- class org.openqa.selenium.chrome.ChromeDriver -------
2016-30-01 12:28:45   INFO [W13ZhilinComQALightOldByAnnotation.ComQALightOld.Zapisatsya] : Page and url have been opened!!!
2016-30-01 12:28:46   INFO [W13ZhilinComQALightOldByAnnotation.ComQALightOld.Zapisatsya] : Value PL/SQLhas been selected!!!
2016-30-01 12:28:46   INFO [W13ZhilinComQALightOldByAnnotation.ComQALightOld.Zapisatsya] : Last Name has been typed!!!
2016-30-01 12:28:46   INFO [W13ZhilinComQALightOldByAnnotation.ComQALightOld.Zapisatsya] : First Name has been typed!!!
2016-30-01 12:28:46   INFO [W13ZhilinComQALightOldByAnnotation.ComQALightOld.Zapisatsya] : Phone number has been typed!!!
2016-30-01 12:28:47   INFO [W13ZhilinComQALightOldByAnnotation.ComQALightOld.Zapisatsya] : Email has been typed!!!
2016-30-01 12:28:47   INFO [W13ZhilinComQALightOldByAnnotation.ComQALightOld.Zapisatsya] : Skype has been typed!!!
2016-30-01 12:28:50   INFO [W13ZhilinComQALightOldByAnnotation.ComQALightOld.Zapisatsya] : Submit button has been clicked!!!
2016-30-01 12:45:56   INFO [W13ZhilinComQALightOldByAnnotation.ComQALightOld.Test1] :  ----- class org.openqa.selenium.firefox.FirefoxDriver -------
2016-30-01 12:46:03   INFO [W13ZhilinComQALightOldByAnnotation.ComQALightOld.Zapisatsya] : Page and url have been opened!!!
2016-30-01 12:46:04   INFO [W13ZhilinComQALightOldByAnnotation.ComQALightOld.Zapisatsya] : Value PL/SQLhas been selected!!!
2016-30-01 12:46:04   INFO [W13ZhilinComQALightOldByAnnotation.ComQALightOld.Zapisatsya] : Last Name has been typed!!!
2016-30-01 12:46:06   INFO [W13ZhilinComQALightOldByAnnotation.ComQALightOld.Zapisatsya] : First Name has been typed!!!
2016-30-01 12:46:06   INFO [W13ZhilinComQALightOldByAnnotation.ComQALightOld.Zapisatsya] : Phone number has been typed!!!
2016-30-01 12:46:06   INFO [W13ZhilinComQALightOldByAnnotation.ComQALightOld.Zapisatsya] : Email has been typed!!!
2016-30-01 12:46:06   INFO [W13ZhilinComQALightOldByAnnotation.ComQALightOld.Zapisatsya] : Skype has been typed!!!
2016-30-01 12:46:11   INFO [W13ZhilinComQALightOldByAnnotation.ComQALightOld.Zapisatsya] : Submit button has been clicked!!!
2016-30-01 12:46:11   INFO [W13ZhilinComQALightOldByAnnotation.ComQALightOld.Zapisatsya] : Message sent ok is present!!!
2016-30-01 12:46:22   INFO [W13ZhilinComQALightOldByAnnotation.ComQALightOld.Test1] :  ----- class org.openqa.selenium.chrome.ChromeDriver -------
2016-30-01 12:46:29   INFO [W13ZhilinComQALightOldByAnnotation.ComQALightOld.Zapisatsya] : Page and url have been opened!!!
2016-30-01 12:46:29   INFO [W13ZhilinComQALightOldByAnnotation.ComQALightOld.Zapisatsya] : Value PL/SQLhas been selected!!!
2016-30-01 12:46:30   INFO [W13ZhilinComQALightOldByAnnotation.ComQALightOld.Zapisatsya] : Last Name has been typed!!!
2016-30-01 12:46:30   INFO [W13ZhilinComQALightOldByAnnotation.ComQALightOld.Zapisatsya] : First Name has been typed!!!
2016-30-01 12:46:30   INFO [W13ZhilinComQALightOldByAnnotation.ComQALightOld.Zapisatsya] : Phone number has been typed!!!
2016-30-01 12:46:30   INFO [W13ZhilinComQALightOldByAnnotation.ComQALightOld.Zapisatsya] : Email has been typed!!!
2016-30-01 12:46:30   INFO [W13ZhilinComQALightOldByAnnotation.ComQALightOld.Zapisatsya] : Skype has been typed!!!
2016-30-01 12:46:33   INFO [W13ZhilinComQALightOldByAnnotation.ComQALightOld.Zapisatsya] : Submit button has been clicked!!!
2016-30-01 12:46:33   INFO [W13ZhilinComQALightOldByAnnotation.ComQALightOld.Zapisatsya] : Message sent ok is present!!!
2016-30-01 12:54:12   INFO [W13ZhilinComQALightOldByAnnotation.ComQALightOld.Test2] :  ----- class org.openqa.selenium.firefox.FirefoxDriver -------
2016-30-01 12:54:19   INFO [W13ZhilinComQALightOldByAnnotation.ComQALightOld.Zapisatsya] : Page and url have been opened!!!
2016-30-01 12:54:21   INFO [W13ZhilinComQALightOldByAnnotation.ComQALightOld.Zapisatsya] : Value PL/SQLhas been selected!!!
2016-30-01 12:54:21   INFO [W13ZhilinComQALightOldByAnnotation.ComQALightOld.Zapisatsya] : Last Name has been typed!!!
2016-30-01 12:54:22   INFO [W13ZhilinComQALightOldByAnnotation.ComQALightOld.Zapisatsya] : First Name has been typed!!!
2016-30-01 12:54:22   INFO [W13ZhilinComQALightOldByAnnotation.ComQALightOld.Zapisatsya] : Phone number has been typed!!!
2016-30-01 12:54:22   INFO [W13ZhilinComQALightOldByAnnotation.ComQALightOld.Zapisatsya] : Email has been typed!!!
2016-30-01 12:54:27   INFO [W13ZhilinComQALightOldByAnnotation.ComQALightOld.Zapisatsya] : Submit button has been clicked!!!
2016-30-01 12:54:27   INFO [W13ZhilinComQALightOldByAnnotation.ComQALightOld.Zapisatsya] : Message errorEmptyFields is present!!!
2016-30-01 12:57:26   INFO [W13ZhilinComQALightOldByAnnotation.ComQALightOld.Test3] :  ----- class org.openqa.selenium.firefox.FirefoxDriver -------
2016-30-01 12:57:33   INFO [W13ZhilinComQALightOldByAnnotation.ComQALightOld.Zapisatsya] : Page and url have been opened!!!
2016-30-01 12:57:34   INFO [W13ZhilinComQALightOldByAnnotation.ComQALightOld.Zapisatsya] : Value PL/SQLhas been selected!!!
2016-30-01 12:57:35   INFO [W13ZhilinComQALightOldByAnnotation.ComQALightOld.Zapisatsya] : Last Name has been typed!!!
2016-30-01 12:57:36   INFO [W13ZhilinComQALightOldByAnnotation.ComQALightOld.Zapisatsya] : First Name has been typed!!!
2016-30-01 12:57:36   INFO [W13ZhilinComQALightOldByAnnotation.ComQALightOld.Zapisatsya] : Phone number has been typed!!!
2016-30-01 12:57:36   INFO [W13ZhilinComQALightOldByAnnotation.ComQALightOld.Zapisatsya] : Email has been typed!!!
2016-30-01 12:57:41   INFO [W13ZhilinComQALightOldByAnnotation.ComQALightOld.Zapisatsya] : Submit button has been clicked!!!
2016-30-01 12:57:41   INFO [W13ZhilinComQALightOldByAnnotation.ComQALightOld.Zapisatsya] : Message sent error is present!!!
2016-30-01 12:57:52   INFO [W13ZhilinComQALightOldByAnnotation.ComQALightOld.Test1] :  ----- class org.openqa.selenium.firefox.FirefoxDriver -------
2016-30-01 12:57:58   INFO [W13ZhilinComQALightOldByAnnotation.ComQALightOld.Zapisatsya] : Page and url have been opened!!!
2016-30-01 12:57:59   INFO [W13ZhilinComQALightOldByAnnotation.ComQALightOld.Zapisatsya] : Value PL/SQLhas been selected!!!
2016-30-01 12:58:01   INFO [W13ZhilinComQALightOldByAnnotation.ComQALightOld.Zapisatsya] : Last Name has been typed!!!
2016-30-01 12:58:01   INFO [W13ZhilinComQALightOldByAnnotation.ComQALightOld.Zapisatsya] : First Name has been typed!!!
2016-30-01 12:58:01   INFO [W13ZhilinComQALightOldByAnnotation.ComQALightOld.Zapisatsya] : Phone number has been typed!!!
2016-30-01 12:58:01   INFO [W13ZhilinComQALightOldByAnnotation.ComQALightOld.Zapisatsya] : Email has been typed!!!
2016-30-01 12:58:01   INFO [W13ZhilinComQALightOldByAnnotation.ComQALightOld.Zapisatsya] : Skype has been typed!!!
2016-30-01 12:58:06   INFO [W13ZhilinComQALightOldByAnnotation.ComQALightOld.Zapisatsya] : Submit button has been clicked!!!
2016-30-01 12:58:06   INFO [W13ZhilinComQALightOldByAnnotation.ComQALightOld.Zapisatsya] : Message sent ok is present!!!
2016-30-01 12:58:15   INFO [W13ZhilinComQALightOldByAnnotation.ComQALightOld.Test2] :  ----- class org.openqa.selenium.firefox.FirefoxDriver -------
2016-30-01 12:58:22   INFO [W13ZhilinComQALightOldByAnnotation.ComQALightOld.Zapisatsya] : Page and url have been opened!!!
2016-30-01 12:58:23   INFO [W13ZhilinComQALightOldByAnnotation.ComQALightOld.Zapisatsya] : Value PL/SQLhas been selected!!!
2016-30-01 12:58:24   INFO [W13ZhilinComQALightOldByAnnotation.ComQALightOld.Zapisatsya] : Last Name has been typed!!!
2016-30-01 12:58:25   INFO [W13ZhilinComQALightOldByAnnotation.ComQALightOld.Zapisatsya] : First Name has been typed!!!
2016-30-01 12:58:25   INFO [W13ZhilinComQALightOldByAnnotation.ComQALightOld.Zapisatsya] : Phone number has been typed!!!
2016-30-01 12:58:25   INFO [W13ZhilinComQALightOldByAnnotation.ComQALightOld.Zapisatsya] : Email has been typed!!!
2016-30-01 12:58:29   INFO [W13ZhilinComQALightOldByAnnotation.ComQALightOld.Zapisatsya] : Submit button has been clicked!!!
2016-30-01 12:58:29   INFO [W13ZhilinComQALightOldByAnnotation.ComQALightOld.Zapisatsya] : Message errorEmptyFields is present!!!
2016-30-01 13:04:37   INFO [W13ZhilinComQALightOldByAnnotation.ComQALightOld.Test4] :  ----- class org.openqa.selenium.firefox.FirefoxDriver -------
2016-30-01 13:04:44   INFO [W13ZhilinComQALightOldByAnnotation.ComQALightOld.Zapisatsya] : Page and url have been opened!!!
2016-30-01 13:04:45   INFO [W13ZhilinComQALightOldByAnnotation.ComQALightOld.Zapisatsya] : Value PL/SQLhas been selected!!!
2016-30-01 13:04:45   INFO [W13ZhilinComQALightOldByAnnotation.ComQALightOld.Zapisatsya] : Last Name has been typed!!!
2016-30-01 13:04:46   INFO [W13ZhilinComQALightOldByAnnotation.ComQALightOld.Zapisatsya] : First Name has been typed!!!
2016-30-01 13:04:46   INFO [W13ZhilinComQALightOldByAnnotation.ComQALightOld.Zapisatsya] : Phone number has been typed!!!
2016-30-01 13:04:47   INFO [W13ZhilinComQALightOldByAnnotation.ComQALightOld.Zapisatsya] : Email has been typed!!!
2016-30-01 13:04:51   INFO [W13ZhilinComQALightOldByAnnotation.ComQALightOld.Zapisatsya] : Submit button has been clicked!!!
2016-30-01 13:04:51   INFO [W13ZhilinComQALightOldByAnnotation.ComQALightOld.Zapisatsya] : Message sent ok is present!!!
2016-30-01 13:05:02  ERROR [W13ZhilinComQALightOldByAnnotation.ComQALightOld.Zapisatsya] : Message sent ok is not present!!!
2016-06-02 09:44:09   INFO [W13ZhilinComQALightOldByAnnotation.ComQALightOld.Test3] :  ----- class org.openqa.selenium.firefox.FirefoxDriver -------
2016-06-02 09:44:20   INFO [W13ZhilinComQALightOldByAnnotation.ComQALightOld.Zapisatsya] : Page and url have been opened!!!
2016-06-02 09:44:22   INFO [W13ZhilinComQALightOldByAnnotation.ComQALightOld.Zapisatsya] : Value PL/SQLhas been selected!!!
2016-06-02 09:44:24   INFO [W13ZhilinComQALightOldByAnnotation.ComQALightOld.Zapisatsya] : Last Name has been typed!!!
2016-06-02 09:44:24   INFO [W13ZhilinComQALightOldByAnnotation.ComQALightOld.Zapisatsya] : First Name has been typed!!!
2016-06-02 09:44:25   INFO [W13ZhilinComQALightOldByAnnotation.ComQALightOld.Zapisatsya] : Phone number has been typed!!!
2016-06-02 09:44:25   INFO [W13ZhilinComQALightOldByAnnotation.ComQALightOld.Zapisatsya] : Email has been typed!!!
2016-06-02 09:44:30   INFO [W13ZhilinComQALightOldByAnnotation.ComQALightOld.Zapisatsya] : Submit button has been clicked!!!
2016-06-02 09:44:30   INFO [W13ZhilinComQALightOldByAnnotation.ComQALightOld.Zapisatsya] : Message sent error is present!!!
2016-06-02 09:44:45   INFO [W13ZhilinComQALightOldByAnnotation.ComQALightOld.Test4] :  ----- class org.openqa.selenium.firefox.FirefoxDriver -------
2016-06-02 09:44:53   INFO [W13ZhilinComQALightOldByAnnotation.ComQALightOld.Zapisatsya] : Page and url have been opened!!!
2016-06-02 09:44:54   INFO [W13ZhilinComQALightOldByAnnotation.ComQALightOld.Zapisatsya] : Value PL/SQLhas been selected!!!
2016-06-02 09:44:54   INFO [W13ZhilinComQALightOldByAnnotation.ComQALightOld.Zapisatsya] : Last Name has been typed!!!
2016-06-02 09:44:55   INFO [W13ZhilinComQALightOldByAnnotation.ComQALightOld.Zapisatsya] : First Name has been typed!!!
2016-06-02 09:44:55   INFO [W13ZhilinComQALightOldByAnnotation.ComQALightOld.Zapisatsya] : Phone number has been typed!!!
2016-06-02 09:44:56   INFO [W13ZhilinComQALightOldByAnnotation.ComQALightOld.Zapisatsya] : Email has been typed!!!
2016-06-02 09:45:00   INFO [W13ZhilinComQALightOldByAnnotation.ComQALightOld.Zapisatsya] : Submit button has been clicked!!!
2016-06-02 09:45:00   INFO [W13ZhilinComQALightOldByAnnotation.ComQALightOld.Zapisatsya] : Message sent ok is present!!!
2016-06-02 09:45:11  ERROR [W13ZhilinComQALightOldByAnnotation.ComQALightOld.Zapisatsya] : Message sent ok is not present!!!
2016-06-02 09:45:21   INFO [W13ZhilinComQALightOldByAnnotation.ComQALightOld.Test1] :  ----- class org.openqa.selenium.firefox.FirefoxDriver -------
2016-06-02 09:45:28   INFO [W13ZhilinComQALightOldByAnnotation.ComQALightOld.Zapisatsya] : Page and url have been opened!!!
2016-06-02 09:45:29   INFO [W13ZhilinComQALightOldByAnnotation.ComQALightOld.Zapisatsya] : Value PL/SQLhas been selected!!!
2016-06-02 09:45:30   INFO [W13ZhilinComQALightOldByAnnotation.ComQALightOld.Zapisatsya] : Last Name has been typed!!!
2016-06-02 09:45:31   INFO [W13ZhilinComQALightOldByAnnotation.ComQALightOld.Zapisatsya] : First Name has been typed!!!
2016-06-02 09:45:31   INFO [W13ZhilinComQALightOldByAnnotation.ComQALightOld.Zapisatsya] : Phone number has been typed!!!
2016-06-02 09:45:31   INFO [W13ZhilinComQALightOldByAnnotation.ComQALightOld.Zapisatsya] : Email has been typed!!!
2016-06-02 09:45:31   INFO [W13ZhilinComQALightOldByAnnotation.ComQALightOld.Zapisatsya] : Skype has been typed!!!
2016-06-02 09:45:36   INFO [W13ZhilinComQALightOldByAnnotation.ComQALightOld.Zapisatsya] : Submit button has been clicked!!!
2016-06-02 09:45:36   INFO [W13ZhilinComQALightOldByAnnotation.ComQALightOld.Zapisatsya] : Message sent ok is present!!!
2016-06-02 09:45:47   INFO [W13ZhilinComQALightOldByAnnotation.ComQALightOld.Test2] :  ----- class org.openqa.selenium.firefox.FirefoxDriver -------
2016-06-02 09:45:54   INFO [W13ZhilinComQALightOldByAnnotation.ComQALightOld.Zapisatsya] : Page and url have been opened!!!
2016-06-02 09:45:55   INFO [W13ZhilinComQALightOldByAnnotation.ComQALightOld.Zapisatsya] : Value PL/SQLhas been selected!!!
2016-06-02 09:45:55   INFO [W13ZhilinComQALightOldByAnnotation.ComQALightOld.Zapisatsya] : Last Name has been typed!!!
2016-06-02 09:45:57   INFO [W13ZhilinComQALightOldByAnnotation.ComQALightOld.Zapisatsya] : First Name has been typed!!!
2016-06-02 09:45:57   INFO [W13ZhilinComQALightOldByAnnotation.ComQALightOld.Zapisatsya] : Phone number has been typed!!!
2016-06-02 09:45:57   INFO [W13ZhilinComQALightOldByAnnotation.ComQALightOld.Zapisatsya] : Email has been typed!!!
2016-06-02 09:46:01   INFO [W13ZhilinComQALightOldByAnnotation.ComQALightOld.Zapisatsya] : Submit button has been clicked!!!
2016-06-02 09:46:01   INFO [W13ZhilinComQALightOldByAnnotation.ComQALightOld.Zapisatsya] : Message errorEmptyFields is present!!!
2016-06-02 10:11:00   INFO [W13ZhilinComQALightOldByAnnotation.ComQALightOld.Test1] :  ----- class org.openqa.selenium.firefox.FirefoxDriver -------
2016-06-02 10:11:10   INFO [W13ZhilinComQALightOldByAnnotation.ComQALightOld.Zapisatsya] : Page and url have been opened!!!
2016-06-02 10:11:12   INFO [W13ZhilinComQALightOldByAnnotation.ComQALightOld.Zapisatsya] : Value PL/SQLhas been selected!!!
2016-06-02 10:11:12   INFO [W13ZhilinComQALightOldByAnnotation.ComQALightOld.Zapisatsya] : Last Name has been typed!!!
2016-06-02 10:11:13   INFO [W13ZhilinComQALightOldByAnnotation.ComQALightOld.Zapisatsya] : First Name has been typed!!!
2016-06-02 10:11:13   INFO [W13ZhilinComQALightOldByAnnotation.ComQALightOld.Zapisatsya] : Phone number has been typed!!!
2016-06-02 10:11:14   INFO [W13ZhilinComQALightOldByAnnotation.ComQALightOld.Zapisatsya] : Email has been typed!!!
2016-06-02 10:11:14   INFO [W13ZhilinComQALightOldByAnnotation.ComQALightOld.Zapisatsya] : Skype has been typed!!!
2016-06-02 10:11:19   INFO [W13ZhilinComQALightOldByAnnotation.ComQALightOld.Zapisatsya] : Submit button has been clicked!!!
2016-06-02 10:11:19   INFO [W13ZhilinComQALightOldByAnnotation.ComQALightOld.Zapisatsya] : Message sent ok is present!!!
2016-06-02 10:11:30   INFO [W13ZhilinComQALightOldByAnnotation.ComQALightOld.Test2] :  ----- class org.openqa.selenium.firefox.FirefoxDriver -------
2016-06-02 10:11:38   INFO [W13ZhilinComQALightOldByAnnotation.ComQALightOld.Zapisatsya] : Page and url have been opened!!!
2016-06-02 10:11:39   INFO [W13ZhilinComQALightOldByAnnotation.ComQALightOld.Zapisatsya] : Value PL/SQLhas been selected!!!
2016-06-02 10:11:39   INFO [W13ZhilinComQALightOldByAnnotation.ComQALightOld.Zapisatsya] : Last Name has been typed!!!
2016-06-02 10:11:40   INFO [W13ZhilinComQALightOldByAnnotation.ComQALightOld.Zapisatsya] : First Name has been typed!!!
2016-06-02 10:11:40   INFO [W13ZhilinComQALightOldByAnnotation.ComQALightOld.Zapisatsya] : Phone number has been typed!!!
2016-06-02 10:11:40   INFO [W13ZhilinComQALightOldByAnnotation.ComQALightOld.Zapisatsya] : Email has been typed!!!
2016-06-02 10:11:45   INFO [W13ZhilinComQALightOldByAnnotation.ComQALightOld.Zapisatsya] : Submit button has been clicked!!!
2016-06-02 10:11:45   INFO [W13ZhilinComQALightOldByAnnotation.ComQALightOld.Zapisatsya] : Message errorEmptyFields is present!!!
2016-06-02 10:11:54   INFO [W13ZhilinComQALightOldByAnnotation.ComQALightOld.Test3] :  ----- class org.openqa.selenium.firefox.FirefoxDriver -------
2016-06-02 10:12:01   INFO [W13ZhilinComQALightOldByAnnotation.ComQALightOld.Zapisatsya] : Page and url have been opened!!!
2016-06-02 10:12:03   INFO [W13ZhilinComQALightOldByAnnotation.ComQALightOld.Zapisatsya] : Value PL/SQLhas been selected!!!
2016-06-02 10:12:03   INFO [W13ZhilinComQALightOldByAnnotation.ComQALightOld.Zapisatsya] : Last Name has been typed!!!
2016-06-02 10:12:04   INFO [W13ZhilinComQALightOldByAnnotation.ComQALightOld.Zapisatsya] : First Name has been typed!!!
2016-06-02 10:12:04   INFO [W13ZhilinComQALightOldByAnnotation.ComQALightOld.Zapisatsya] : Phone number has been typed!!!
2016-06-02 10:12:05   INFO [W13ZhilinComQALightOldByAnnotation.ComQALightOld.Zapisatsya] : Email has been typed!!!
2016-06-02 10:12:09   INFO [W13ZhilinComQALightOldByAnnotation.ComQALightOld.Zapisatsya] : Submit button has been clicked!!!
2016-06-02 10:12:09   INFO [W13ZhilinComQALightOldByAnnotation.ComQALightOld.Zapisatsya] : Message sent error is present!!!
2016-06-02 10:12:18   INFO [W13ZhilinComQALightOldByAnnotation.ComQALightOld.Test4] :  ----- class org.openqa.selenium.firefox.FirefoxDriver -------
2016-06-02 10:12:25   INFO [W13ZhilinComQALightOldByAnnotation.ComQALightOld.Zapisatsya] : Page and url have been opened!!!
2016-06-02 10:12:26   INFO [W13ZhilinComQALightOldByAnnotation.ComQALightOld.Zapisatsya] : Value PL/SQLhas been selected!!!
2016-06-02 10:12:27   INFO [W13ZhilinComQALightOldByAnnotation.ComQALightOld.Zapisatsya] : Last Name has been typed!!!
2016-06-02 10:12:28   INFO [W13ZhilinComQALightOldByAnnotation.ComQALightOld.Zapisatsya] : First Name has been typed!!!
2016-06-02 10:12:28   INFO [W13ZhilinComQALightOldByAnnotation.ComQALightOld.Zapisatsya] : Phone number has been typed!!!
2016-06-02 10:12:28   INFO [W13ZhilinComQALightOldByAnnotation.ComQALightOld.Zapisatsya] : Email has been typed!!!
2016-06-02 10:12:33   INFO [W13ZhilinComQALightOldByAnnotation.ComQALightOld.Zapisatsya] : Submit button has been clicked!!!
2016-06-02 10:12:33   INFO [W13ZhilinComQALightOldByAnnotation.ComQALightOld.Zapisatsya] : Message sent ok is present!!!
2016-06-02 10:12:43  ERROR [W13ZhilinComQALightOldByAnnotation.ComQALightOld.Zapisatsya] : Message sent ok is not present!!!
2016-06-02 10:15:59   INFO [W13ZhilinComQALightOldByAnnotation.ComQALightOld.Test1] :  ----- class org.openqa.selenium.firefox.FirefoxDriver -------
2016-06-02 10:16:07   INFO [W13ZhilinComQALightOldByAnnotation.ComQALightOld.Zapisatsya] : Page and url have been opened!!!
2016-06-02 10:16:08   INFO [W13ZhilinComQALightOldByAnnotation.ComQALightOld.Zapisatsya] : Value PL/SQLhas been selected!!!
2016-06-02 10:16:08   INFO [W13ZhilinComQALightOldByAnnotation.ComQALightOld.Zapisatsya] : Last Name has been typed!!!
2016-06-02 10:16:10   INFO [W13ZhilinComQALightOldByAnnotation.ComQALightOld.Zapisatsya] : First Name has been typed!!!
2016-06-02 10:16:10   INFO [W13ZhilinComQALightOldByAnnotation.ComQALightOld.Zapisatsya] : Phone number has been typed!!!
2016-06-02 10:16:10   INFO [W13ZhilinComQALightOldByAnnotation.ComQALightOld.Zapisatsya] : Email has been typed!!!
2016-06-02 10:16:10   INFO [W13ZhilinComQALightOldByAnnotation.ComQALightOld.Zapisatsya] : Skype has been typed!!!
2016-06-02 10:16:15   INFO [W13ZhilinComQALightOldByAnnotation.ComQALightOld.Zapisatsya] : Submit button has been clicked!!!
2016-06-02 10:16:15   INFO [W13ZhilinComQALightOldByAnnotation.ComQALightOld.Zapisatsya] : Message sent ok is present!!!
2016-06-02 10:16:24   INFO [W13ZhilinComQALightOldByAnnotation.ComQALightOld.Test2] :  ----- class org.openqa.selenium.firefox.FirefoxDriver -------
2016-06-02 10:16:31   INFO [W13ZhilinComQALightOldByAnnotation.ComQALightOld.Zapisatsya] : Page and url have been opened!!!
2016-06-02 10:16:32   INFO [W13ZhilinComQALightOldByAnnotation.ComQALightOld.Zapisatsya] : Value PL/SQLhas been selected!!!
2016-06-02 10:16:33   INFO [W13ZhilinComQALightOldByAnnotation.ComQALightOld.Zapisatsya] : Last Name has been typed!!!
2016-06-02 10:16:34   INFO [W13ZhilinComQALightOldByAnnotation.ComQALightOld.Zapisatsya] : First Name has been typed!!!
2016-06-02 10:16:34   INFO [W13ZhilinComQALightOldByAnnotation.ComQALightOld.Zapisatsya] : Phone number has been typed!!!
2016-06-02 10:16:34   INFO [W13ZhilinComQALightOldByAnnotation.ComQALightOld.Zapisatsya] : Email has been typed!!!
2016-06-02 10:16:38   INFO [W13ZhilinComQALightOldByAnnotation.ComQALightOld.Zapisatsya] : Submit button has been clicked!!!
2016-06-02 10:16:38   INFO [W13ZhilinComQALightOldByAnnotation.ComQALightOld.Zapisatsya] : Message errorEmptyFields is present!!!
2016-06-02 10:16:47   INFO [W13ZhilinComQALightOldByAnnotation.ComQALightOld.Test3] :  ----- class org.openqa.selenium.firefox.FirefoxDriver -------
2016-06-02 10:16:54   INFO [W13ZhilinComQALightOldByAnnotation.ComQALightOld.Zapisatsya] : Page and url have been opened!!!
2016-06-02 10:16:56   INFO [W13ZhilinComQALightOldByAnnotation.ComQALightOld.Zapisatsya] : Value PL/SQLhas been selected!!!
2016-06-02 10:16:56   INFO [W13ZhilinComQALightOldByAnnotation.ComQALightOld.Zapisatsya] : Last Name has been typed!!!
2016-06-02 10:16:57   INFO [W13ZhilinComQALightOldByAnnotation.ComQALightOld.Zapisatsya] : First Name has been typed!!!
2016-06-02 10:16:57   INFO [W13ZhilinComQALightOldByAnnotation.ComQALightOld.Zapisatsya] : Phone number has been typed!!!
2016-06-02 10:16:58   INFO [W13ZhilinComQALightOldByAnnotation.ComQALightOld.Zapisatsya] : Email has been typed!!!
2016-06-02 10:17:02   INFO [W13ZhilinComQALightOldByAnnotation.ComQALightOld.Zapisatsya] : Submit button has been clicked!!!
2016-06-02 10:17:02   INFO [W13ZhilinComQALightOldByAnnotation.ComQALightOld.Zapisatsya] : Message sent error is present!!!
2016-06-02 10:17:10   INFO [W13ZhilinComQALightOldByAnnotation.ComQALightOld.Test4] :  ----- class org.openqa.selenium.firefox.FirefoxDriver -------
2016-06-02 10:17:17   INFO [W13ZhilinComQALightOldByAnnotation.ComQALightOld.Zapisatsya] : Page and url have been opened!!!
2016-06-02 10:17:19   INFO [W13ZhilinComQALightOldByAnnotation.ComQALightOld.Zapisatsya] : Value PL/SQLhas been selected!!!
2016-06-02 10:17:19   INFO [W13ZhilinComQALightOldByAnnotation.ComQALightOld.Zapisatsya] : Last Name has been typed!!!
2016-06-02 10:17:20   INFO [W13ZhilinComQALightOldByAnnotation.ComQALightOld.Zapisatsya] : First Name has been typed!!!
2016-06-02 10:17:20   INFO [W13ZhilinComQALightOldByAnnotation.ComQALightOld.Zapisatsya] : Phone number has been typed!!!
2016-06-02 10:17:20   INFO [W13ZhilinComQALightOldByAnnotation.ComQALightOld.Zapisatsya] : Email has been typed!!!
2016-06-02 10:17:24   INFO [W13ZhilinComQALightOldByAnnotation.ComQALightOld.Zapisatsya] : Submit button has been clicked!!!
2016-06-02 10:17:24   INFO [W13ZhilinComQALightOldByAnnotation.ComQALightOld.Zapisatsya] : Message sent ok is present!!!
2016-06-02 10:17:35  ERROR [W13ZhilinComQALightOldByAnnotation.ComQALightOld.Zapisatsya] : Message sent ok is not present!!!
2016-06-02 10:25:24   INFO [W13ZhilinComQALightOldByAnnotation.ComQALightOld.Test1] :  ----- class org.openqa.selenium.firefox.FirefoxDriver -------
2016-06-02 10:25:31   INFO [W13ZhilinComQALightOldByAnnotation.ComQALightOld.Zapisatsya] : Page and url have been opened!!!
2016-06-02 10:25:33   INFO [W13ZhilinComQALightOldByAnnotation.ComQALightOld.Zapisatsya] : Value PL/SQLhas been selected!!!
2016-06-02 10:25:33   INFO [W13ZhilinComQALightOldByAnnotation.ComQALightOld.Zapisatsya] : Last Name has been typed!!!
2016-06-02 10:25:34   INFO [W13ZhilinComQALightOldByAnnotation.ComQALightOld.Zapisatsya] : First Name has been typed!!!
2016-06-02 10:25:34   INFO [W13ZhilinComQALightOldByAnnotation.ComQALightOld.Zapisatsya] : Phone number has been typed!!!
2016-06-02 10:25:34   INFO [W13ZhilinComQALightOldByAnnotation.ComQALightOld.Zapisatsya] : Email has been typed!!!
2016-06-02 10:25:34   INFO [W13ZhilinComQALightOldByAnnotation.ComQALightOld.Zapisatsya] : Skype has been typed!!!
2016-06-02 10:25:39   INFO [W13ZhilinComQALightOldByAnnotation.ComQALightOld.Zapisatsya] : Submit button has been clicked!!!
2016-06-02 10:25:39   INFO [W13ZhilinComQALightOldByAnnotation.ComQALightOld.Zapisatsya] : Message sent ok is present!!!
2016-06-02 10:25:48   INFO [W13ZhilinComQALightOldByAnnotation.ComQALightOld.Test2] :  ----- class org.openqa.selenium.firefox.FirefoxDriver -------
2016-06-02 10:25:55   INFO [W13ZhilinComQALightOldByAnnotation.ComQALightOld.Zapisatsya] : Page and url have been opened!!!
2016-06-02 10:25:57   INFO [W13ZhilinComQALightOldByAnnotation.ComQALightOld.Zapisatsya] : Value PL/SQLhas been selected!!!
2016-06-02 10:25:57   INFO [W13ZhilinComQALightOldByAnnotation.ComQALightOld.Zapisatsya] : Last Name has been typed!!!
2016-06-02 10:25:58   INFO [W13ZhilinComQALightOldByAnnotation.ComQALightOld.Zapisatsya] : First Name has been typed!!!
2016-06-02 10:25:58   INFO [W13ZhilinComQALightOldByAnnotation.ComQALightOld.Zapisatsya] : Phone number has been typed!!!
2016-06-02 10:25:58   INFO [W13ZhilinComQALightOldByAnnotation.ComQALightOld.Zapisatsya] : Email has been typed!!!
2016-06-02 10:26:03   INFO [W13ZhilinComQALightOldByAnnotation.ComQALightOld.Zapisatsya] : Submit button has been clicked!!!
2016-06-02 10:26:03   INFO [W13ZhilinComQALightOldByAnnotation.ComQALightOld.Zapisatsya] : Message errorEmptyFields is present!!!
2016-06-02 10:26:11   INFO [W13ZhilinComQALightOldByAnnotation.ComQALightOld.Test3] :  ----- class org.openqa.selenium.firefox.FirefoxDriver -------
2016-06-02 10:26:18   INFO [W13ZhilinComQALightOldByAnnotation.ComQALightOld.Zapisatsya] : Page and url have been opened!!!
2016-06-02 10:26:19   INFO [W13ZhilinComQALightOldByAnnotation.ComQALightOld.Zapisatsya] : Value PL/SQLhas been selected!!!
2016-06-02 10:26:19   INFO [W13ZhilinComQALightOldByAnnotation.ComQALightOld.Zapisatsya] : Last Name has been typed!!!
2016-06-02 10:26:20   INFO [W13ZhilinComQALightOldByAnnotation.ComQALightOld.Zapisatsya] : First Name has been typed!!!
2016-06-02 10:26:20   INFO [W13ZhilinComQALightOldByAnnotation.ComQALightOld.Zapisatsya] : Phone number has been typed!!!
2016-06-02 10:26:20   INFO [W13ZhilinComQALightOldByAnnotation.ComQALightOld.Zapisatsya] : Email has been typed!!!
2016-06-02 10:26:25   INFO [W13ZhilinComQALightOldByAnnotation.ComQALightOld.Zapisatsya] : Submit button has been clicked!!!
2016-06-02 10:26:25   INFO [W13ZhilinComQALightOldByAnnotation.ComQALightOld.Zapisatsya] : Message sent error is present!!!
2016-06-02 10:27:29   INFO [W13ZhilinComQALightOldByAnnotation.ComQALightOld.Test1] :  ----- class org.openqa.selenium.firefox.FirefoxDriver -------
2016-06-02 10:27:37   INFO [W13ZhilinComQALightOldByAnnotation.ComQALightOld.Zapisatsya] : Page and url have been opened!!!
2016-06-02 10:27:38   INFO [W13ZhilinComQALightOldByAnnotation.ComQALightOld.Zapisatsya] : Value PL/SQLhas been selected!!!
2016-06-02 10:27:39   INFO [W13ZhilinComQALightOldByAnnotation.ComQALightOld.Zapisatsya] : Last Name has been typed!!!
2016-06-02 10:27:40   INFO [W13ZhilinComQALightOldByAnnotation.ComQALightOld.Zapisatsya] : First Name has been typed!!!
2016-06-02 10:27:40   INFO [W13ZhilinComQALightOldByAnnotation.ComQALightOld.Zapisatsya] : Phone number has been typed!!!
2016-06-02 10:27:40   INFO [W13ZhilinComQALightOldByAnnotation.ComQALightOld.Zapisatsya] : Email has been typed!!!
2016-06-02 10:27:40   INFO [W13ZhilinComQALightOldByAnnotation.ComQALightOld.Zapisatsya] : Skype has been typed!!!
2016-06-02 10:27:45   INFO [W13ZhilinComQALightOldByAnnotation.ComQALightOld.Zapisatsya] : Submit button has been clicked!!!
2016-06-02 10:27:45   INFO [W13ZhilinComQALightOldByAnnotation.ComQALightOld.Zapisatsya] : Message sent ok is present!!!
2016-06-02 10:57:48   INFO [W13ZhilinComQALightOldByAnnotation.ComQALightOld.Test1] :  ----- class org.openqa.selenium.firefox.FirefoxDriver -------
2016-06-02 10:57:56   INFO [W13ZhilinComQALightOldByAnnotation.ComQALightOld.Zapisatsya] : Page and url have been opened!!!
2016-06-02 10:57:57   INFO [W13ZhilinComQALightOldByAnnotation.ComQALightOld.Zapisatsya] : Value PL/SQLhas been selected!!!
2016-06-02 10:57:57   INFO [W13ZhilinComQALightOldByAnnotation.ComQALightOld.Zapisatsya] : Last Name has been typed!!!
2016-06-02 10:57:58   INFO [W13ZhilinComQALightOldByAnnotation.ComQALightOld.Zapisatsya] : First Name has been typed!!!
2016-06-02 10:57:58   INFO [W13ZhilinComQALightOldByAnnotation.ComQALightOld.Zapisatsya] : Phone number has been typed!!!
2016-06-02 10:57:58   INFO [W13ZhilinComQALightOldByAnnotation.ComQALightOld.Zapisatsya] : Email has been typed!!!
2016-06-02 10:57:59   INFO [W13ZhilinComQALightOldByAnnotation.ComQALightOld.Zapisatsya] : Skype has been typed!!!
2016-06-02 10:58:03   INFO [W13ZhilinComQALightOldByAnnotation.ComQALightOld.Zapisatsya] : Submit button has been clicked!!!
2016-06-02 10:58:03   INFO [W13ZhilinComQALightOldByAnnotation.ComQALightOld.Zapisatsya] : Message sent ok is present!!!
2016-06-02 10:58:13   INFO [W13ZhilinComQALightOldByAnnotation.ComQALightOld.Test2] :  ----- class org.openqa.selenium.firefox.FirefoxDriver -------
2016-06-02 10:58:21   INFO [W13ZhilinComQALightOldByAnnotation.ComQALightOld.Zapisatsya] : Page and url have been opened!!!
2016-06-02 10:58:22   INFO [W13ZhilinComQALightOldByAnnotation.ComQALightOld.Zapisatsya] : Value PL/SQLhas been selected!!!
2016-06-02 10:58:23   INFO [W13ZhilinComQALightOldByAnnotation.ComQALightOld.Zapisatsya] : Last Name has been typed!!!
2016-06-02 10:58:24   INFO [W13ZhilinComQALightOldByAnnotation.ComQALightOld.Zapisatsya] : First Name has been typed!!!
2016-06-02 10:58:24   INFO [W13ZhilinComQALightOldByAnnotation.ComQALightOld.Zapisatsya] : Phone number has been typed!!!
2016-06-02 10:58:24   INFO [W13ZhilinComQALightOldByAnnotation.ComQALightOld.Zapisatsya] : Email has been typed!!!
2016-06-02 10:58:29   INFO [W13ZhilinComQALightOldByAnnotation.ComQALightOld.Zapisatsya] : Submit button has been clicked!!!
2016-06-02 10:58:29   INFO [W13ZhilinComQALightOldByAnnotation.ComQALightOld.Zapisatsya] : Message errorEmptyFields is present!!!
2016-06-02 10:58:39   INFO [W13ZhilinComQALightOldByAnnotation.ComQALightOld.Test3] :  ----- class org.openqa.selenium.firefox.FirefoxDriver -------
2016-06-02 10:58:47   INFO [W13ZhilinComQALightOldByAnnotation.ComQALightOld.Zapisatsya] : Page and url have been opened!!!
2016-06-02 10:58:48   INFO [W13ZhilinComQALightOldByAnnotation.ComQALightOld.Zapisatsya] : Value PL/SQLhas been selected!!!
2016-06-02 10:58:48   INFO [W13ZhilinComQALightOldByAnnotation.ComQALightOld.Zapisatsya] : Last Name has been typed!!!
2016-06-02 10:58:49   INFO [W13ZhilinComQALightOldByAnnotation.ComQALightOld.Zapisatsya] : First Name has been typed!!!
2016-06-02 10:58:49   INFO [W13ZhilinComQALightOldByAnnotation.ComQALightOld.Zapisatsya] : Phone number has been typed!!!
2016-06-02 10:58:49   INFO [W13ZhilinComQALightOldByAnnotation.ComQALightOld.Zapisatsya] : Email has been typed!!!
2016-06-02 10:58:54   INFO [W13ZhilinComQALightOldByAnnotation.ComQALightOld.Zapisatsya] : Submit button has been clicked!!!
2016-06-02 10:58:54   INFO [W13ZhilinComQALightOldByAnnotation.ComQALightOld.Zapisatsya] : Message sent error is present!!!
2016-06-02 12:14:20   INFO [W13ZhilinComQALightOldByAnnotation.ComQALightOld.Test1] :  ----- class org.openqa.selenium.firefox.FirefoxDriver -------
2016-06-02 12:14:32   INFO [W13ZhilinComQALightOldByAnnotation.ComQALightOld.Zapisatsya] : Page and url have been opened!!!
2016-06-02 12:14:34   INFO [W13ZhilinComQALightOldByAnnotation.ComQALightOld.Zapisatsya] : Value PL/SQLhas been selected!!!
2016-06-02 12:14:35   INFO [W13ZhilinComQALightOldByAnnotation.ComQALightOld.Zapisatsya] : Last Name has been typed!!!
2016-06-02 12:14:36   INFO [W13ZhilinComQALightOldByAnnotation.ComQALightOld.Zapisatsya] : First Name has been typed!!!
2016-06-02 12:14:36   INFO [W13ZhilinComQALightOldByAnnotation.ComQALightOld.Zapisatsya] : Phone number has been typed!!!
2016-06-02 12:14:36   INFO [W13ZhilinComQALightOldByAnnotation.ComQALightOld.Zapisatsya] : Email has been typed!!!
2016-06-02 12:14:36   INFO [W13ZhilinComQALightOldByAnnotation.ComQALightOld.Zapisatsya] : Skype has been typed!!!
2016-06-02 12:14:43   INFO [W13ZhilinComQALightOldByAnnotation.ComQALightOld.Zapisatsya] : Submit button has been clicked!!!
2016-06-02 12:14:43   INFO [W13ZhilinComQALightOldByAnnotation.ComQALightOld.Zapisatsya] : Message sent ok is present!!!
2016-06-02 12:14:54   INFO [W13ZhilinComQALightOldByAnnotation.ComQALightOld.Test2] :  ----- class org.openqa.selenium.firefox.FirefoxDriver -------
2016-06-02 12:15:03   INFO [W13ZhilinComQALightOldByAnnotation.ComQALightOld.Zapisatsya] : Page and url have been opened!!!
2016-06-02 12:15:05   INFO [W13ZhilinComQALightOldByAnnotation.ComQALightOld.Zapisatsya] : Value PL/SQLhas been selected!!!
2016-06-02 12:15:05   INFO [W13ZhilinComQALightOldByAnnotation.ComQALightOld.Zapisatsya] : Last Name has been typed!!!
2016-06-02 12:15:06   INFO [W13ZhilinComQALightOldByAnnotation.ComQALightOld.Zapisatsya] : First Name has been typed!!!
2016-06-02 12:15:06   INFO [W13ZhilinComQALightOldByAnnotation.ComQALightOld.Zapisatsya] : Phone number has been typed!!!
2016-06-02 12:15:06   INFO [W13ZhilinComQALightOldByAnnotation.ComQALightOld.Zapisatsya] : Email has been typed!!!
2016-06-02 12:15:12   INFO [W13ZhilinComQALightOldByAnnotation.ComQALightOld.Zapisatsya] : Submit button has been clicked!!!
2016-06-02 12:15:12   INFO [W13ZhilinComQALightOldByAnnotation.ComQALightOld.Zapisatsya] : Message errorEmptyFields is present!!!
2016-06-02 12:15:22   INFO [W13ZhilinComQALightOldByAnnotation.ComQALightOld.Test3] :  ----- class org.openqa.selenium.firefox.FirefoxDriver -------
2016-06-02 12:15:30   INFO [W13ZhilinComQALightOldByAnnotation.ComQALightOld.Zapisatsya] : Page and url have been opened!!!
2016-06-02 12:15:31   INFO [W13ZhilinComQALightOldByAnnotation.ComQALightOld.Zapisatsya] : Value PL/SQLhas been selected!!!
2016-06-02 12:15:32   INFO [W13ZhilinComQALightOldByAnnotation.ComQALightOld.Zapisatsya] : Last Name has been typed!!!
2016-06-02 12:15:32   INFO [W13ZhilinComQALightOldByAnnotation.ComQALightOld.Zapisatsya] : First Name has been typed!!!
2016-06-02 12:15:33   INFO [W13ZhilinComQALightOldByAnnotation.ComQALightOld.Zapisatsya] : Phone number has been typed!!!
2016-06-02 12:15:33   INFO [W13ZhilinComQALightOldByAnnotation.ComQALightOld.Zapisatsya] : Email has been typed!!!
2016-06-02 12:15:38   INFO [W13ZhilinComQALightOldByAnnotation.ComQALightOld.Zapisatsya] : Submit button has been clicked!!!
2016-06-02 12:15:38   INFO [W13ZhilinComQALightOldByAnnotation.ComQALightOld.Zapisatsya] : Message sent error is present!!!
2016-06-02 12:20:03   INFO [W13ZhilinComQALightOldByAnnotation.ComQALightOld.Test1] :  ----- class org.openqa.selenium.firefox.FirefoxDriver -------
2016-06-02 12:20:12   INFO [W13ZhilinComQALightOldByAnnotation.ComQALightOld.Zapisatsya] : Page and url have been opened!!!
2016-06-02 12:20:14   INFO [W13ZhilinComQALightOldByAnnotation.ComQALightOld.Zapisatsya] : Value PL/SQLhas been selected!!!
2016-06-02 12:20:16   INFO [W13ZhilinComQALightOldByAnnotation.ComQALightOld.Zapisatsya] : Last Name has been typed!!!
2016-06-02 12:20:16   INFO [W13ZhilinComQALightOldByAnnotation.ComQALightOld.Zapisatsya] : First Name has been typed!!!
2016-06-02 12:20:16   INFO [W13ZhilinComQALightOldByAnnotation.ComQALightOld.Zapisatsya] : Phone number has been typed!!!
2016-06-02 12:20:17   INFO [W13ZhilinComQALightOldByAnnotation.ComQALightOld.Zapisatsya] : Email has been typed!!!
2016-06-02 12:20:17   INFO [W13ZhilinComQALightOldByAnnotation.ComQALightOld.Zapisatsya] : Skype has been typed!!!
2016-06-02 12:20:23   INFO [W13ZhilinComQALightOldByAnnotation.ComQALightOld.Zapisatsya] : Submit button has been clicked!!!
2016-06-02 12:20:23   INFO [W13ZhilinComQALightOldByAnnotation.ComQALightOld.Zapisatsya] : Message sent ok is present!!!
2016-06-02 12:20:33   INFO [W13ZhilinComQALightOldByAnnotation.ComQALightOld.Test2] :  ----- class org.openqa.selenium.firefox.FirefoxDriver -------
2016-06-02 12:20:40   INFO [W13ZhilinComQALightOldByAnnotation.ComQALightOld.Zapisatsya] : Page and url have been opened!!!
2016-06-02 12:20:42   INFO [W13ZhilinComQALightOldByAnnotation.ComQALightOld.Zapisatsya] : Value PL/SQLhas been selected!!!
2016-06-02 12:20:42   INFO [W13ZhilinComQALightOldByAnnotation.ComQALightOld.Zapisatsya] : Last Name has been typed!!!
2016-06-02 12:20:43   INFO [W13ZhilinComQALightOldByAnnotation.ComQALightOld.Zapisatsya] : First Name has been typed!!!
2016-06-02 12:20:43   INFO [W13ZhilinComQALightOldByAnnotation.ComQALightOld.Zapisatsya] : Phone number has been typed!!!
2016-06-02 12:20:44   INFO [W13ZhilinComQALightOldByAnnotation.ComQALightOld.Zapisatsya] : Email has been typed!!!
2016-06-02 12:20:49   INFO [W13ZhilinComQALightOldByAnnotation.ComQALightOld.Zapisatsya] : Submit button has been clicked!!!
2016-06-02 12:20:49   INFO [W13ZhilinComQALightOldByAnnotation.ComQALightOld.Zapisatsya] : Message errorEmptyFields is present!!!
2016-06-02 12:20:58   INFO [W13ZhilinComQALightOldByAnnotation.ComQALightOld.Test3] :  ----- class org.openqa.selenium.firefox.FirefoxDriver -------
2016-06-02 12:21:06   INFO [W13ZhilinComQALightOldByAnnotation.ComQALightOld.Zapisatsya] : Page and url have been opened!!!
2016-06-02 12:21:07   INFO [W13ZhilinComQALightOldByAnnotation.ComQALightOld.Zapisatsya] : Value PL/SQLhas been selected!!!
2016-06-02 12:21:08   INFO [W13ZhilinComQALightOldByAnnotation.ComQALightOld.Zapisatsya] : Last Name has been typed!!!
2016-06-02 12:21:09   INFO [W13ZhilinComQALightOldByAnnotation.ComQALightOld.Zapisatsya] : First Name has been typed!!!
2016-06-02 12:21:09   INFO [W13ZhilinComQALightOldByAnnotation.ComQALightOld.Zapisatsya] : Phone number has been typed!!!
2016-06-02 12:21:10   INFO [W13ZhilinComQALightOldByAnnotation.ComQALightOld.Zapisatsya] : Email has been typed!!!
2016-06-02 12:21:16   INFO [W13ZhilinComQALightOldByAnnotation.ComQALightOld.Zapisatsya] : Submit button has been clicked!!!
2016-06-02 12:21:16   INFO [W13ZhilinComQALightOldByAnnotation.ComQALightOld.Zapisatsya] : Message sent error is present!!!
2016-06-02 12:36:40   INFO [W13ZhilinComQALightOldByAnnotation.ComQALightOld.Test1] :  ----- class org.openqa.selenium.firefox.FirefoxDriver -------
2016-06-02 12:36:48   INFO [W13ZhilinComQALightOldByAnnotation.ComQALightOld.Zapisatsya] : Page and url have been opened!!!
2016-06-02 12:36:50   INFO [W13ZhilinComQALightOldByAnnotation.ComQALightOld.Zapisatsya] : Value PL/SQLhas been selected!!!
2016-06-02 12:36:50   INFO [W13ZhilinComQALightOldByAnnotation.ComQALightOld.Zapisatsya] : Last Name has been typed!!!
2016-06-02 12:36:51   INFO [W13ZhilinComQALightOldByAnnotation.ComQALightOld.Zapisatsya] : First Name has been typed!!!
2016-06-02 12:36:51   INFO [W13ZhilinComQALightOldByAnnotation.ComQALightOld.Zapisatsya] : Phone number has been typed!!!
2016-06-02 12:36:51   INFO [W13ZhilinComQALightOldByAnnotation.ComQALightOld.Zapisatsya] : Email has been typed!!!
2016-06-02 12:36:51   INFO [W13ZhilinComQALightOldByAnnotation.ComQALightOld.Zapisatsya] : Skype has been typed!!!
2016-06-02 12:36:57   INFO [W13ZhilinComQALightOldByAnnotation.ComQALightOld.Zapisatsya] : Submit button has been clicked!!!
2016-06-02 12:36:57   INFO [W13ZhilinComQALightOldByAnnotation.ComQALightOld.Zapisatsya] : Message sent ok is present!!!
2016-06-02 12:37:07   INFO [W13ZhilinComQALightOldByAnnotation.ComQALightOld.Test2] :  ----- class org.openqa.selenium.firefox.FirefoxDriver -------
2016-06-02 12:37:17   INFO [W13ZhilinComQALightOldByAnnotation.ComQALightOld.Zapisatsya] : Page and url have been opened!!!
2016-06-02 12:37:18   INFO [W13ZhilinComQALightOldByAnnotation.ComQALightOld.Zapisatsya] : Value PL/SQLhas been selected!!!
2016-06-02 12:37:19   INFO [W13ZhilinComQALightOldByAnnotation.ComQALightOld.Zapisatsya] : Last Name has been typed!!!
2016-06-02 12:37:20   INFO [W13ZhilinComQALightOldByAnnotation.ComQALightOld.Zapisatsya] : First Name has been typed!!!
2016-06-02 12:37:20   INFO [W13ZhilinComQALightOldByAnnotation.ComQALightOld.Zapisatsya] : Phone number has been typed!!!
2016-06-02 12:37:20   INFO [W13ZhilinComQALightOldByAnnotation.ComQALightOld.Zapisatsya] : Email has been typed!!!
2016-06-02 12:37:28   INFO [W13ZhilinComQALightOldByAnnotation.ComQALightOld.Zapisatsya] : Submit button has been clicked!!!
2016-06-02 12:37:28   INFO [W13ZhilinComQALightOldByAnnotation.ComQALightOld.Zapisatsya] : Message errorEmptyFields is present!!!
2016-06-02 12:37:40   INFO [W13ZhilinComQALightOldByAnnotation.ComQALightOld.Test3] :  ----- class org.openqa.selenium.firefox.FirefoxDriver -------
2016-06-02 12:37:51   INFO [W13ZhilinComQALightOldByAnnotation.ComQALightOld.Zapisatsya] : Page and url have been opened!!!
2016-06-02 12:37:53   INFO [W13ZhilinComQALightOldByAnnotation.ComQALightOld.Zapisatsya] : Value PL/SQLhas been selected!!!
2016-06-02 12:37:53   INFO [W13ZhilinComQALightOldByAnnotation.ComQALightOld.Zapisatsya] : Last Name has been typed!!!
2016-06-02 12:37:54   INFO [W13ZhilinComQALightOldByAnnotation.ComQALightOld.Zapisatsya] : First Name has been typed!!!
2016-06-02 12:37:54   INFO [W13ZhilinComQALightOldByAnnotation.ComQALightOld.Zapisatsya] : Phone number has been typed!!!
2016-06-02 12:37:54   INFO [W13ZhilinComQALightOldByAnnotation.ComQALightOld.Zapisatsya] : Email has been typed!!!
2016-06-02 12:38:00   INFO [W13ZhilinComQALightOldByAnnotation.ComQALightOld.Zapisatsya] : Submit button has been clicked!!!
2016-06-02 12:38:00   INFO [W13ZhilinComQALightOldByAnnotation.ComQALightOld.Zapisatsya] : Message sent error is present!!!
2016-06-02 13:11:41   INFO [W13ZhilinComQALightOldByAnnotation.ComQALightOld.Test1] :  ----- class org.openqa.selenium.firefox.FirefoxDriver -------
2016-06-02 13:11:53   INFO [W13ZhilinComQALightOldByAnnotation.ComQALightOld.Zapisatsya] : Page and url have been opened!!!
2016-06-02 13:11:54   INFO [W13ZhilinComQALightOldByAnnotation.ComQALightOld.Zapisatsya] : Value PL/SQLhas been selected!!!
2016-06-02 13:11:55   INFO [W13ZhilinComQALightOldByAnnotation.ComQALightOld.Zapisatsya] : Last Name has been typed!!!
2016-06-02 13:11:56   INFO [W13ZhilinComQALightOldByAnnotation.ComQALightOld.Zapisatsya] : First Name has been typed!!!
2016-06-02 13:11:56   INFO [W13ZhilinComQALightOldByAnnotation.ComQALightOld.Zapisatsya] : Phone number has been typed!!!
2016-06-02 13:11:56   INFO [W13ZhilinComQALightOldByAnnotation.ComQALightOld.Zapisatsya] : Email has been typed!!!
2016-06-02 13:11:56   INFO [W13ZhilinComQALightOldByAnnotation.ComQALightOld.Zapisatsya] : Skype has been typed!!!
2016-06-02 13:12:02   INFO [W13ZhilinComQALightOldByAnnotation.ComQALightOld.Zapisatsya] : Submit button has been clicked!!!
2016-06-02 13:12:02   INFO [W13ZhilinComQALightOldByAnnotation.ComQALightOld.Zapisatsya] : Message sent ok is present!!!
2016-06-02 13:12:13   INFO [W13ZhilinComQALightOldByAnnotation.ComQALightOld.Test2] :  ----- class org.openqa.selenium.firefox.FirefoxDriver -------
2016-06-02 13:12:21   INFO [W13ZhilinComQALightOldByAnnotation.ComQALightOld.Zapisatsya] : Page and url have been opened!!!
2016-06-02 13:12:23   INFO [W13ZhilinComQALightOldByAnnotation.ComQALightOld.Zapisatsya] : Value PL/SQLhas been selected!!!
2016-06-02 13:12:23   INFO [W13ZhilinComQALightOldByAnnotation.ComQALightOld.Zapisatsya] : Last Name has been typed!!!
2016-06-02 13:12:24   INFO [W13ZhilinComQALightOldByAnnotation.ComQALightOld.Zapisatsya] : First Name has been typed!!!
2016-06-02 13:12:24   INFO [W13ZhilinComQALightOldByAnnotation.ComQALightOld.Zapisatsya] : Phone number has been typed!!!
2016-06-02 13:12:25   INFO [W13ZhilinComQALightOldByAnnotation.ComQALightOld.Zapisatsya] : Email has been typed!!!
2016-06-02 13:12:30   INFO [W13ZhilinComQALightOldByAnnotation.ComQALightOld.Zapisatsya] : Submit button has been clicked!!!
2016-06-02 13:12:30   INFO [W13ZhilinComQALightOldByAnnotation.ComQALightOld.Zapisatsya] : Message errorEmptyFields is present!!!
2016-06-02 13:12:39   INFO [W13ZhilinComQALightOldByAnnotation.ComQALightOld.Test3] :  ----- class org.openqa.selenium.firefox.FirefoxDriver -------
2016-06-02 13:12:47   INFO [W13ZhilinComQALightOldByAnnotation.ComQALightOld.Zapisatsya] : Page and url have been opened!!!
2016-06-02 13:12:48   INFO [W13ZhilinComQALightOldByAnnotation.ComQALightOld.Zapisatsya] : Value PL/SQLhas been selected!!!
2016-06-02 13:12:49   INFO [W13ZhilinComQALightOldByAnnotation.ComQALightOld.Zapisatsya] : Last Name has been typed!!!
2016-06-02 13:12:50   INFO [W13ZhilinComQALightOldByAnnotation.ComQALightOld.Zapisatsya] : First Name has been typed!!!
2016-06-02 13:12:50   INFO [W13ZhilinComQALightOldByAnnotation.ComQALightOld.Zapisatsya] : Phone number has been typed!!!
2016-06-02 13:12:50   INFO [W13ZhilinComQALightOldByAnnotation.ComQALightOld.Zapisatsya] : Email has been typed!!!
2016-06-02 13:12:56   INFO [W13ZhilinComQALightOldByAnnotation.ComQALightOld.Zapisatsya] : Submit button has been clicked!!!
2016-06-02 13:12:56   INFO [W13ZhilinComQALightOldByAnnotation.ComQALightOld.Zapisatsya] : Message sent error is present!!!
